<?xml version="1.0" encoding="UTF-8"?>
<!-- Generated by org.testng.reporters.JUnitReportReporter -->
<testsuite hostname="Dolly-Laptop" failures="0" tests="4" name="com.TestNGChallenge.PriorityTest" time="0.012" errors="0" timestamp="16 May 2023 07:09:08 GMT" skipped="0">
  <testcase classname="com.TestNGChallenge.PriorityTest" name="GetMethod0" time="0.011"/>
  <testcase classname="com.TestNGChallenge.PriorityTest" name="GetMethod2" time="0.000"/>
  <testcase classname="com.TestNGChallenge.PriorityTest" name="GetMethod3" time="0.000"/>
  <testcase classname="com.TestNGChallenge.PriorityTest" name="GetMethod1" time="0.001"/>
</testsuite> <!-- com.TestNGChallenge.PriorityTest -->
