<?xml version="1.0" encoding="UTF-8"?>
<!-- Generated by org.testng.reporters.JUnitReportReporter -->
<testsuite hostname="Dolly-Laptop" failures="0" tests="5" name="com.TestNGChallenge.EnableTruFalse" time="0.011" errors="0" timestamp="16 May 2023 07:12:44 GMT" skipped="1">
  <testcase classname="com.TestNGChallenge.EnableTruFalse" name="GetMethod1" time="0.007"/>
  <testcase classname="com.TestNGChallenge.EnableTruFalse" name="GetMethod3" time="0.002"/>
  <testcase classname="com.TestNGChallenge.EnableTruFalse" name="GetMethod5" time="0.001"/>
  <testcase classname="com.TestNGChallenge.EnableTruFalse" name="GetMethod2" time="0.001"/>
  <testcase classname="com.TestNGChallenge.EnableTruFalse" name="GetMethod4">
    <skipped/>
  </testcase> <!-- GetMethod4 -->
</testsuite> <!-- com.TestNGChallenge.EnableTruFalse -->
