<?xml version="1.0" encoding="UTF-8"?>
<!-- Generated by org.testng.reporters.JUnitReportReporter -->
<testsuite hostname="Dolly-Laptop" failures="0" tests="3" name="com.TestNGChallenge.DependsOnMethod" time="0.008" errors="0" timestamp="16 May 2023 08:15:22 GMT" skipped="0">
  <testcase classname="com.TestNGChallenge.DependsOnMethod" name="getOpenBrowser" time="0.007"/>
  <testcase classname="com.TestNGChallenge.DependsOnMethod" name="getLogin" time="0.001"/>
  <testcase classname="com.TestNGChallenge.DependsOnMethod" name="getCloseBrowser" time="0.000"/>
</testsuite> <!-- com.TestNGChallenge.DependsOnMethod -->
