<?xml version="1.0" encoding="UTF-8"?>
<!-- Generated by org.testng.reporters.JUnitReportReporter -->
<testsuite hostname="Dolly-Laptop" failures="0" tests="1" name="com.TestNGChallenge.BasicAnnotation" time="0.004" errors="0" timestamp="15 May 2023 22:24:44 GMT" skipped="0">
  <testcase classname="com.TestNGChallenge.BasicAnnotation" name="getTest" time="0.004"/>
</testsuite> <!-- com.TestNGChallenge.BasicAnnotation -->
