<?xml version="1.0" encoding="UTF-8"?>
<!-- Generated by org.testng.reporters.JUnitReportReporter -->
<testsuite hostname="Dolly-Laptop" failures="0" tests="10" name="com.TestNGChallenge.SameTestCasesRuneMultipleTime" time="0.012" errors="0" timestamp="16 May 2023 07:31:16 GMT" skipped="0">
  <testcase classname="com.TestNGChallenge.SameTestCasesRuneMultipleTime" name="GetMethod" time="0.000"/>
  <testcase classname="com.TestNGChallenge.SameTestCasesRuneMultipleTime" name="GetMethod" time="0.001"/>
  <testcase classname="com.TestNGChallenge.SameTestCasesRuneMultipleTime" name="GetMethod" time="0.001"/>
  <testcase classname="com.TestNGChallenge.SameTestCasesRuneMultipleTime" name="GetMethod" time="0.008"/>
  <testcase classname="com.TestNGChallenge.SameTestCasesRuneMultipleTime" name="GetMethod" time="0.001"/>
  <testcase classname="com.TestNGChallenge.SameTestCasesRuneMultipleTime" name="GetMethod" time="0.000"/>
  <testcase classname="com.TestNGChallenge.SameTestCasesRuneMultipleTime" name="GetMethod" time="0.001"/>
  <testcase classname="com.TestNGChallenge.SameTestCasesRuneMultipleTime" name="GetMethod" time="0.000"/>
  <testcase classname="com.TestNGChallenge.SameTestCasesRuneMultipleTime" name="GetMethod" time="0.000"/>
  <testcase classname="com.TestNGChallenge.SameTestCasesRuneMultipleTime" name="GetMethod" time="0.000"/>
</testsuite> <!-- com.TestNGChallenge.SameTestCasesRuneMultipleTime -->
