<?xml version="1.0" encoding="UTF-8"?>
<!-- Generated by org.testng.reporters.JUnitReportReporter -->
<testsuite hostname="Dolly-Laptop" failures="0" tests="1" name="com.TestNGChallenge.CrossBrowserTesting" time="2.773" errors="0" timestamp="16 May 2023 09:05:02 GMT" skipped="0">
  <testcase classname="com.TestNGChallenge.CrossBrowserTesting" name="getLogin" time="2.773"/>
</testsuite> <!-- com.TestNGChallenge.CrossBrowserTesting -->
